build/app/outputs/mapping/release/mapping.txt
# compiler: R8
# compiler_version: 1.5.69
# min_api: 16
# pg_map_id: 91ad913
...
io.grpc.internal.AbstractStream -> d.b.k1.d:
    void setCompressor(io.grpc.Compressor) -> a
    void writeMessage(java.io.InputStream) -> a
    void endOfMessages() -> c
    io.grpc.internal.Framer framer() -> d
    void onSendingBytes(int) -> d
    io.grpc.internal.AbstractStream$TransportState transportState() -> e
io.grpc.internal.AbstractStream$TransportState -> d.b.k1.d$a:
    io.grpc.internal.TransportTracer transportTracer -> d
    io.grpc.internal.Deframer deframer -> b
    java.lang.Object onReadyLock -> c
    boolean allocated -> f
    boolean deallocated -> g
    int numSentBytesQueued -> e
    void access$100(io.grpc.internal.AbstractStream$TransportState,int) -> a
    void deframe(io.grpc.internal.ReadableBuffer) -> a
    io.grpc.internal.TransportTracer getTransportTracer() -> a
    void messagesAvailable(io.grpc.internal.StreamListener$MessageProducer) -> a
    void setDecompressor(io.grpc.Decompressor) -> a
    void setFullStreamDecompressor(io.grpc.internal.GzipInflatingBuffer) -> a
    void closeDeframer(boolean) -> b
    io.grpc.internal.StreamListener listener() -> b
    void onSentBytes(int) -> b
    void onStreamAllocated() -> c
    void requestMessagesFromDeframer(int) -> c
    void onStreamDeallocated() -> d
    void setMaxInboundMessageSize(int) -> d
    boolean isReady() -> e
    void onSendingBytes(int) -> e
    void notifyIfReady() -> f
io.grpc.internal.AbstractSubchannel -> d.b.k1.e:
io.grpc.internal.ApplicationThreadDeframer -> d.b.k1.f:
    io.grpc.internal.MessageDeframer deframer -> c
    java.util.Queue messageReadQueue -> e
    io.grpc.internal.MessageDeframer$Listener storedListener -> b
    io.grpc.internal.ApplicationThreadDeframer$TransportExecutor transportExecutor -> d
    io.grpc.internal.MessageDeframer access$000(io.grpc.internal.ApplicationThreadDeframer) -> a
    void bytesRead(int) -> a
    void closeWhenComplete() -> a
    void deframe(io.grpc.internal.ReadableBuffer) -> a
    void deframeFailed(java.lang.Throwable) -> a
    void deframerClosed(boolean) -> a
    void messagesAvailable(io.grpc.internal.StreamListener$MessageProducer) -> a
    void setDecompressor(io.grpc.Decompressor) -> a
    void setFullStreamDecompressor(io.grpc.internal.GzipInflatingBuffer) -> a
    io.grpc.internal.MessageDeframer$Listener access$100(io.grpc.internal.ApplicationThreadDeframer) -> b
    void request(int) -> b
    java.util.Queue access$300(io.grpc.internal.ApplicationThreadDeframer) -> c
    void setMaxInboundMessageSize(int) -> c
io.grpc.internal.ApplicationThreadDeframer$1 -> d.b.k1.f$a:
    io.grpc.internal.ApplicationThreadDeframer this$0 -> c
    int val$numMessages -> b
io.grpc.internal.ApplicationThreadDeframer$2 -> d.b.k1.f$b:
    io.grpc.internal.ReadableBuffer val$data -> b
    io.grpc.internal.ApplicationThreadDeframer this$0 -> c
io.grpc.internal.ApplicationThreadDeframer$3 -> d.b.k1.f$c:
    io.grpc.internal.ApplicationThreadDeframer this$0 -> b
io.grpc.internal.ApplicationThreadDeframer$4 -> d.b.k1.f$d:
    io.grpc.internal.ApplicationThreadDeframer this$0 -> b
io.grpc.internal.ApplicationThreadDeframer$5 -> d.b.k1.f$e:
    io.grpc.internal.ApplicationThreadDeframer this$0 -> c
    int val$numBytes -> b
io.grpc.internal.ApplicationThreadDeframer$6 -> d.b.k1.f$f:
    io.grpc.internal.ApplicationThreadDeframer this$0 -> c
    boolean val$hasPartialMessage -> b
io.grpc.internal.ApplicationThreadDeframer$7 -> d.b.k1.f$g:
    java.lang.Throwable val$cause -> b
    io.grpc.internal.ApplicationThreadDeframer this$0 -> c
io.grpc.internal.ApplicationThreadDeframer$InitializingMessageProducer -> d.b.k1.f$h:
    io.grpc.internal.ApplicationThreadDeframer this$0 -> c
    java.lang.Runnable runnable -> a
    boolean initialized -> b
    void initialize() -> a
io.grpc.internal.ApplicationThreadDeframer$TransportExecutor -> d.b.k1.f$i:
    void runOnTransportThread(java.lang.Runnable) -> a